0 info it worked if it ends with ok
1 verbose cli [ '/usr/local/bin/node',
1 verbose cli   '/usr/local/bin/npm',
1 verbose cli   'install',
1 verbose cli   '--save',
1 verbose cli   'react-router-bootstrap' ]
2 info using npm@2.15.8
3 info using node@v4.4.7
4 verbose install initial load of /Users/askar/Documents/dev/projects/react/reduxApp/package.json
5 warn package.json reduxApp@1.0.0 No repository field.
6 warn package.json reduxApp@1.0.0 No README data
7 verbose installManyTop reading scoped package data from /Users/askar/Documents/dev/projects/react/reduxApp/node_modules/axios/package.json
8 verbose installManyTop reading scoped package data from /Users/askar/Documents/dev/projects/react/reduxApp/node_modules/babel-cli/package.json
9 verbose installManyTop reading scoped package data from /Users/askar/Documents/dev/projects/react/reduxApp/node_modules/babel-core/package.json
10 verbose installManyTop reading scoped package data from /Users/askar/Documents/dev/projects/react/reduxApp/node_modules/babel-loader/package.json
11 verbose installManyTop reading scoped package data from /Users/askar/Documents/dev/projects/react/reduxApp/node_modules/babel-plugin-transform-object-rest-spread/package.json
12 verbose installManyTop reading scoped package data from /Users/askar/Documents/dev/projects/react/reduxApp/node_modules/babel-preset-es2015/package.json
13 verbose installManyTop reading scoped package data from /Users/askar/Documents/dev/projects/react/reduxApp/node_modules/babel-preset-react/package.json
14 verbose installManyTop reading scoped package data from /Users/askar/Documents/dev/projects/react/reduxApp/node_modules/body-parser/package.json
15 verbose installManyTop reading scoped package data from /Users/askar/Documents/dev/projects/react/reduxApp/node_modules/classnames/package.json
16 verbose installManyTop reading scoped package data from /Users/askar/Documents/dev/projects/react/reduxApp/node_modules/css-loader/package.json
17 verbose installManyTop reading scoped package data from /Users/askar/Documents/dev/projects/react/reduxApp/node_modules/express/package.json
18 verbose installManyTop reading scoped package data from /Users/askar/Documents/dev/projects/react/reduxApp/node_modules/extract-text-webpack-plugin/package.json
19 verbose installManyTop reading scoped package data from /Users/askar/Documents/dev/projects/react/reduxApp/node_modules/history/package.json
20 verbose installManyTop reading scoped package data from /Users/askar/Documents/dev/projects/react/reduxApp/node_modules/lodash/package.json
21 verbose installManyTop reading scoped package data from /Users/askar/Documents/dev/projects/react/reduxApp/node_modules/moment/package.json
22 verbose installManyTop reading scoped package data from /Users/askar/Documents/dev/projects/react/reduxApp/node_modules/mongoose/package.json
23 verbose installManyTop reading scoped package data from /Users/askar/Documents/dev/projects/react/reduxApp/node_modules/nodemon/package.json
24 verbose installManyTop reading scoped package data from /Users/askar/Documents/dev/projects/react/reduxApp/node_modules/react/package.json
25 verbose installManyTop reading scoped package data from /Users/askar/Documents/dev/projects/react/reduxApp/node_modules/react-bootstrap/package.json
26 verbose installManyTop reading scoped package data from /Users/askar/Documents/dev/projects/react/reduxApp/node_modules/react-datepicker/package.json
27 verbose installManyTop reading scoped package data from /Users/askar/Documents/dev/projects/react/reduxApp/node_modules/react-dom/package.json
28 verbose installManyTop reading scoped package data from /Users/askar/Documents/dev/projects/react/reduxApp/node_modules/react-hot-loader/package.json
29 verbose installManyTop reading scoped package data from /Users/askar/Documents/dev/projects/react/reduxApp/node_modules/react-redux/package.json
30 verbose installManyTop reading scoped package data from /Users/askar/Documents/dev/projects/react/reduxApp/node_modules/react-router/package.json
31 verbose installManyTop reading scoped package data from /Users/askar/Documents/dev/projects/react/reduxApp/node_modules/redux/package.json
32 verbose installManyTop reading scoped package data from /Users/askar/Documents/dev/projects/react/reduxApp/node_modules/redux-thunk/package.json
33 verbose installManyTop reading scoped package data from /Users/askar/Documents/dev/projects/react/reduxApp/node_modules/serve-favicon/package.json
34 verbose installManyTop reading scoped package data from /Users/askar/Documents/dev/projects/react/reduxApp/node_modules/shortid/package.json
35 verbose installManyTop reading scoped package data from /Users/askar/Documents/dev/projects/react/reduxApp/node_modules/style-loader/package.json
36 verbose installManyTop reading scoped package data from /Users/askar/Documents/dev/projects/react/reduxApp/node_modules/validator/package.json
37 verbose installManyTop reading scoped package data from /Users/askar/Documents/dev/projects/react/reduxApp/node_modules/webpack/package.json
38 verbose installManyTop reading scoped package data from /Users/askar/Documents/dev/projects/react/reduxApp/node_modules/webpack-dev-middleware/package.json
39 verbose installManyTop reading scoped package data from /Users/askar/Documents/dev/projects/react/reduxApp/node_modules/webpack-hot-middleware/package.json
40 info package.json webpack@2.1.0-beta.22 No README data
41 verbose readDependencies loading dependencies from /Users/askar/Documents/dev/projects/react/reduxApp/package.json
42 silly cache add args [ 'react-router-bootstrap', null ]
43 verbose cache add spec react-router-bootstrap
44 silly cache add parsed spec Result {
44 silly cache add   raw: 'react-router-bootstrap',
44 silly cache add   scope: null,
44 silly cache add   name: 'react-router-bootstrap',
44 silly cache add   rawSpec: '',
44 silly cache add   spec: 'latest',
44 silly cache add   type: 'tag' }
45 silly addNamed react-router-bootstrap@latest
46 verbose addNamed "latest" is being treated as a dist-tag for react-router-bootstrap
47 info addNameTag [ 'react-router-bootstrap', 'latest' ]
48 silly mapToRegistry name react-router-bootstrap
49 silly mapToRegistry using default registry
50 silly mapToRegistry registry https://registry.npmjs.org/
51 silly mapToRegistry data Result {
51 silly mapToRegistry   raw: 'react-router-bootstrap',
51 silly mapToRegistry   scope: null,
51 silly mapToRegistry   name: 'react-router-bootstrap',
51 silly mapToRegistry   rawSpec: '',
51 silly mapToRegistry   spec: 'latest',
51 silly mapToRegistry   type: 'tag' }
52 silly mapToRegistry uri https://registry.npmjs.org/react-router-bootstrap
53 verbose addNameTag registry:https://registry.npmjs.org/react-router-bootstrap not in flight; fetching
54 verbose request uri https://registry.npmjs.org/react-router-bootstrap
55 verbose request no auth needed
56 info attempt registry request try #1 at 12:53:31
57 verbose request id 424ba713ac44a217
58 http request GET https://registry.npmjs.org/react-router-bootstrap
59 http 200 https://registry.npmjs.org/react-router-bootstrap
60 verbose headers { server: 'nginx/1.10.1',
60 verbose headers   'content-type': 'application/json',
60 verbose headers   'last-modified': 'Mon, 25 Jul 2016 15:43:47 GMT',
60 verbose headers   etag: 'W/"579633b3-1cd4e"',
60 verbose headers   'content-encoding': 'gzip',
60 verbose headers   'cache-control': 'max-age=300',
60 verbose headers   'content-length': '9283',
60 verbose headers   'accept-ranges': 'bytes',
60 verbose headers   date: 'Sun, 09 Apr 2017 07:53:32 GMT',
60 verbose headers   via: '1.1 varnish',
60 verbose headers   age: '0',
60 verbose headers   connection: 'keep-alive',
60 verbose headers   'x-served-by': 'cache-fra1242-FRA',
60 verbose headers   'x-cache': 'HIT',
60 verbose headers   'x-cache-hits': '1',
60 verbose headers   'x-timer': 'S1491724412.343116,VS0,VE2',
60 verbose headers   vary: 'Accept-Encoding' }
61 silly get cb [ 200,
61 silly get   { server: 'nginx/1.10.1',
61 silly get     'content-type': 'application/json',
61 silly get     'last-modified': 'Mon, 25 Jul 2016 15:43:47 GMT',
61 silly get     etag: 'W/"579633b3-1cd4e"',
61 silly get     'content-encoding': 'gzip',
61 silly get     'cache-control': 'max-age=300',
61 silly get     'content-length': '9283',
61 silly get     'accept-ranges': 'bytes',
61 silly get     date: 'Sun, 09 Apr 2017 07:53:32 GMT',
61 silly get     via: '1.1 varnish',
61 silly get     age: '0',
61 silly get     connection: 'keep-alive',
61 silly get     'x-served-by': 'cache-fra1242-FRA',
61 silly get     'x-cache': 'HIT',
61 silly get     'x-cache-hits': '1',
61 silly get     'x-timer': 'S1491724412.343116,VS0,VE2',
61 silly get     vary: 'Accept-Encoding' } ]
62 verbose get saving react-router-bootstrap to /Users/askar/.npm/registry.npmjs.org/react-router-bootstrap/.cache.json
63 verbose correctMkdir /Users/askar/.npm correctMkdir not in flight; initializing
64 silly addNameTag next cb for react-router-bootstrap with tag latest
65 silly addNamed react-router-bootstrap@0.23.1
66 verbose addNamed "0.23.1" is a plain semver version for react-router-bootstrap
67 silly mapToRegistry name react-router-bootstrap
68 silly mapToRegistry using default registry
69 silly mapToRegistry registry https://registry.npmjs.org/
70 silly mapToRegistry data Result {
70 silly mapToRegistry   raw: 'react-router-bootstrap',
70 silly mapToRegistry   scope: null,
70 silly mapToRegistry   name: 'react-router-bootstrap',
70 silly mapToRegistry   rawSpec: '',
70 silly mapToRegistry   spec: 'latest',
70 silly mapToRegistry   type: 'tag' }
71 silly mapToRegistry uri https://registry.npmjs.org/react-router-bootstrap
72 verbose addRemoteTarball https://registry.npmjs.org/react-router-bootstrap/-/react-router-bootstrap-0.23.1.tgz not in flight; adding
73 verbose addRemoteTarball [ 'https://registry.npmjs.org/react-router-bootstrap/-/react-router-bootstrap-0.23.1.tgz',
73 verbose addRemoteTarball   'a1e0b82f49d25a6083c72202ad16aaa64bba0e0c' ]
74 info retry fetch attempt 1 at 12:53:32
75 info attempt registry request try #1 at 12:53:32
76 http fetch GET https://registry.npmjs.org/react-router-bootstrap/-/react-router-bootstrap-0.23.1.tgz
77 http fetch 200 https://registry.npmjs.org/react-router-bootstrap/-/react-router-bootstrap-0.23.1.tgz
78 silly fetchAndShaCheck shasum a1e0b82f49d25a6083c72202ad16aaa64bba0e0c
79 verbose addTmpTarball /var/folders/g3/sf2qv_pd22b2y2b3k_gyb66w0000gn/T/npm-369-ebfec4c3/registry.npmjs.org/react-router-bootstrap/-/react-router-bootstrap-0.23.1.tgz not in flight; adding
80 verbose addTmpTarball already have metadata; skipping unpack for react-router-bootstrap@0.23.1
81 verbose correctMkdir /Users/askar/.npm correctMkdir not in flight; initializing
82 silly cache afterAdd react-router-bootstrap@0.23.1
83 verbose afterAdd /Users/askar/.npm/react-router-bootstrap/0.23.1/package/package.json not in flight; writing
84 verbose correctMkdir /Users/askar/.npm correctMkdir not in flight; initializing
85 verbose afterAdd /Users/askar/.npm/react-router-bootstrap/0.23.1/package/package.json written
86 silly install resolved [ { name: 'react-router-bootstrap',
86 silly install resolved     version: '0.23.1',
86 silly install resolved     description: 'Integration between React Router and React-Bootstrap',
86 silly install resolved     main: './lib/index.js',
86 silly install resolved     scripts:
86 silly install resolved      { prepublish: 'npm run build',
86 silly install resolved        build: 'rimraf lib && babel src -d lib && webpack && webpack -p && npm run bower-prepare',
86 silly install resolved        test: 'npm run lint && karma start --single-run',
86 silly install resolved        tdd: 'karma start',
86 silly install resolved        'visual-test': 'open http://localhost:8080/ && webpack-dev-server --config webpack.visual.config.babel.js',
86 silly install resolved        lint: 'eslint *.js src test',
86 silly install resolved        'bower-prepare': 'babel-node scripts/bower-prepare.js',
86 silly install resolved        release: 'release' },
86 silly install resolved     repository:
86 silly install resolved      { type: 'git',
86 silly install resolved        url: 'git+ssh://git@github.com/react-bootstrap/react-router-bootstrap.git' },
86 silly install resolved     keywords: [ 'react', 'react-router', 'react-bootstrap' ],
86 silly install resolved     author: { name: 'Matt Smith', email: 'mtscout6@gmail.com' },
86 silly install resolved     license: 'Apache-2.0',
86 silly install resolved     bugs: { url: 'https://github.com/react-bootstrap/react-router-bootstrap/issues' },
86 silly install resolved     homepage: 'https://github.com/react-bootstrap/react-router-bootstrap',
86 silly install resolved     peerDependencies: { react: '>=0.14.0' },
86 silly install resolved     devDependencies:
86 silly install resolved      { 'babel-cli': '^6.5.2',
86 silly install resolved        'babel-core': '^6.7.7',
86 silly install resolved        'babel-eslint': '^6.0.4',
86 silly install resolved        'babel-loader': '^6.2.4',
86 silly install resolved        'babel-plugin-add-module-exports': '^0.1.3',
86 silly install resolved        'babel-preset-es2015': '^6.6.0',
86 silly install resolved        'babel-preset-es2015-loose': '^7.0.0',
86 silly install resolved        'babel-preset-react': '^6.5.0',
86 silly install resolved        'babel-preset-stage-1': '^6.5.0',
86 silly install resolved        'babel-register': '^6.7.2',
86 silly install resolved        bootstrap: '^3.3.6',
86 silly install resolved        chai: '^3.5.0',
86 silly install resolved        colors: '^1.1.2',
86 silly install resolved        'css-loader': '^0.23.1',
86 silly install resolved        'es5-shim': '^4.5.8',
86 silly install resolved        eslint: '^2.8.0',
86 silly install resolved        'eslint-config-airbnb': '^8.0.0',
86 silly install resolved        'eslint-plugin-babel': '^3.2.0',
86 silly install resolved        'eslint-plugin-import': '^1.6.0',
86 silly install resolved        'eslint-plugin-jsx-a11y': '^1.0.3',
86 silly install resolved        'eslint-plugin-mocha': '^2.2.0',
86 silly install resolved        'eslint-plugin-react': '^5.0.1',
86 silly install resolved        'file-loader': '^0.8.5',
86 silly install resolved        history: '^2.1.0',
86 silly install resolved        'html-webpack-plugin': '^2.16.0',
86 silly install resolved        karma: '^0.13.22',
86 silly install resolved        'karma-cli': '^0.1.2',
86 silly install resolved        'karma-mocha': '^0.2.2',
86 silly install resolved        'karma-mocha-reporter': '^2.0.2',
86 silly install resolved        'karma-phantomjs-launcher': '^1.0.0',
86 silly install resolved        'karma-sinon-chai': '^1.2.0',
86 silly install resolved        'karma-sourcemap-loader': '^0.3.7',
86 silly install resolved        'karma-webpack': '^1.7.0',
86 silly install resolved        less: '^2.6.1',
86 silly install resolved        'less-loader': '^2.2.3',
86 silly install resolved        lodash: '^4.11.1',
86 silly install resolved        lolex: '^1.4.0',
86 silly install resolved        mocha: '^2.4.5',
86 silly install resolved        'node-libs-browser': '^1.0.0',
86 silly install resolved        'phantomjs-prebuilt': '^2.1.7',
86 silly install resolved        react: '^15.0.1',
86 silly install resolved        'react-bootstrap': '^0.29.2',
86 silly install resolved        'react-dom': '^15.0.1',
86 silly install resolved        'react-router': '^2.3.0',
86 silly install resolved        'release-script': '^1.0.2',
86 silly install resolved        rimraf: '^2.5.2',
86 silly install resolved        shelljs: '^0.7.0',
86 silly install resolved        sinon: '^1.17.3',
86 silly install resolved        'sinon-chai': '^2.8.0',
86 silly install resolved        'style-loader': '^0.13.1',
86 silly install resolved        'url-loader': '^0.5.7',
86 silly install resolved        webpack: '^1.13.0',
86 silly install resolved        'webpack-dev-server': '^1.14.1',
86 silly install resolved        yargs: '^4.6.0' },
86 silly install resolved     files: [ 'lib' ],
86 silly install resolved     'release-script': { bowerRepo: 'git@github.com:react-bootstrap/react-router-bootstrap-bower.git' },
86 silly install resolved     gitHead: 'c26cfec6f9c0936409bbd02d6d1b7219630fb628',
86 silly install resolved     _id: 'react-router-bootstrap@0.23.1',
86 silly install resolved     _shasum: 'a1e0b82f49d25a6083c72202ad16aaa64bba0e0c',
86 silly install resolved     _from: 'react-router-bootstrap@latest',
86 silly install resolved     _npmVersion: '3.8.3',
86 silly install resolved     _nodeVersion: '5.10.1',
86 silly install resolved     _npmUser: { name: 'monastic.panic', email: 'monastic.panic@gmail.com' },
86 silly install resolved     dist:
86 silly install resolved      { shasum: 'a1e0b82f49d25a6083c72202ad16aaa64bba0e0c',
86 silly install resolved        tarball: 'https://registry.npmjs.org/react-router-bootstrap/-/react-router-bootstrap-0.23.1.tgz' },
86 silly install resolved     maintainers: [ [Object], [Object], [Object], [Object], [Object] ],
86 silly install resolved     _npmOperationalInternal:
86 silly install resolved      { host: 'packages-16-east.internal.npmjs.com',
86 silly install resolved        tmp: 'tmp/react-router-bootstrap-0.23.1.tgz_1469461425479_0.7375668063759804' },
86 silly install resolved     directories: {},
86 silly install resolved     _resolved: 'https://registry.npmjs.org/react-router-bootstrap/-/react-router-bootstrap-0.23.1.tgz' } ]
87 info install react-router-bootstrap@0.23.1 into /Users/askar/Documents/dev/projects/react/reduxApp
88 info installOne react-router-bootstrap@0.23.1
89 verbose installOne of react-router-bootstrap to /Users/askar/Documents/dev/projects/react/reduxApp not in flight; installing
90 verbose correctMkdir /Users/askar/.npm/_locks correctMkdir not in flight; initializing
91 verbose lock using /Users/askar/.npm/_locks/react-router-bootstrap-3d21f93b2cd2b0c8.lock for /Users/askar/Documents/dev/projects/react/reduxApp/node_modules/react-router-bootstrap
92 silly install write writing react-router-bootstrap 0.23.1 to /Users/askar/Documents/dev/projects/react/reduxApp/node_modules/react-router-bootstrap
93 verbose unbuild node_modules/react-router-bootstrap
94 silly gentlyRm /Users/askar/Documents/dev/projects/react/reduxApp/node_modules/react-router-bootstrap is being purged from base /Users/askar/Documents/dev/projects/react/reduxApp
95 verbose gentlyRm don't care about contents; nuking /Users/askar/Documents/dev/projects/react/reduxApp/node_modules/react-router-bootstrap
96 verbose tar unpack /Users/askar/.npm/react-router-bootstrap/0.23.1/package.tgz
97 verbose tar unpacking to /Users/askar/Documents/dev/projects/react/reduxApp/node_modules/react-router-bootstrap
98 silly gentlyRm /Users/askar/Documents/dev/projects/react/reduxApp/node_modules/react-router-bootstrap is being purged
99 verbose gentlyRm don't care about contents; nuking /Users/askar/Documents/dev/projects/react/reduxApp/node_modules/react-router-bootstrap
100 silly gunzTarPerm modes [ '755', '644' ]
101 silly gunzTarPerm extractEntry package.json
102 silly gunzTarPerm extractEntry README.md
103 silly gunzTarPerm extractEntry CHANGELOG.md
104 silly gunzTarPerm extractEntry lib/IndexLinkContainer.js
105 silly gunzTarPerm extractEntry lib/LinkContainer.js
106 silly gunzTarPerm extractEntry lib/ReactRouterBootstrap.js
107 silly gunzTarPerm extractEntry lib/ReactRouterBootstrap.min.js
108 silly gunzTarPerm extractEntry lib/index.js
109 silly gunzTarPerm extractEntry lib/ReactRouterBootstrap.min.js.map
110 silly gunzTarPerm extractEntry node_modules/history/package.json
111 silly gunzTarPerm extractEntry node_modules/history/CHANGES.md
112 silly gunzTarPerm extractEntry node_modules/history/LICENSE.md
113 silly gunzTarPerm extractEntry node_modules/history/es6/Actions.js
114 silly gunzTarPerm extractEntry node_modules/history/es6/createBrowserHistory.js
115 silly gunzTarPerm extractEntry node_modules/history/es6/createDOMHistory.js
116 silly gunzTarPerm extractEntry node_modules/history/es6/createHashHistory.js
117 silly gunzTarPerm extractEntry node_modules/history/es6/createHistory.js
118 silly gunzTarPerm extractEntry node_modules/history/es6/PathUtils.js
119 silly gunzTarPerm extractEntry node_modules/history/es6/createMemoryHistory.js
120 silly gunzTarPerm extractEntry node_modules/history/es6/deprecate.js
121 silly gunzTarPerm extractEntry node_modules/history/es6/enableBeforeUnload.js
122 silly gunzTarPerm extractEntry node_modules/history/es6/enableQueries.js
123 silly gunzTarPerm extractEntry node_modules/history/es6/index.js
124 silly gunzTarPerm extractEntry node_modules/history/es6/ExecutionEnvironment.js
125 silly gunzTarPerm extractEntry node_modules/history/es6/runTransitionHook.js
126 silly gunzTarPerm extractEntry node_modules/history/es6/DOMUtils.js
127 silly gunzTarPerm extractEntry node_modules/history/es6/useBasename.js
128 silly gunzTarPerm extractEntry node_modules/history/es6/DOMStateStorage.js
129 silly gunzTarPerm extractEntry node_modules/history/es6/useBeforeUnload.js
130 silly gunzTarPerm extractEntry node_modules/history/es6/AsyncUtils.js
131 silly gunzTarPerm extractEntry node_modules/history/es6/useQueries.js
132 silly gunzTarPerm extractEntry node_modules/history/es6/createLocation.js
133 silly gunzTarPerm extractEntry node_modules/history/lib/Actions.js
134 silly gunzTarPerm extractEntry node_modules/history/lib/createBrowserHistory.js
135 silly gunzTarPerm extractEntry node_modules/history/lib/createDOMHistory.js
136 silly gunzTarPerm extractEntry node_modules/history/lib/createHashHistory.js
137 silly gunzTarPerm extractEntry node_modules/history/lib/createHistory.js
138 silly gunzTarPerm extractEntry node_modules/history/lib/PathUtils.js
139 silly gunzTarPerm extractEntry node_modules/history/lib/createMemoryHistory.js
140 silly gunzTarPerm extractEntry node_modules/history/lib/deprecate.js
141 silly gunzTarPerm extractEntry node_modules/history/lib/enableBeforeUnload.js
142 silly gunzTarPerm extractEntry node_modules/history/lib/enableQueries.js
143 silly gunzTarPerm extractEntry node_modules/history/lib/index.js
144 silly gunzTarPerm extractEntry node_modules/history/lib/ExecutionEnvironment.js
145 silly gunzTarPerm extractEntry node_modules/history/lib/runTransitionHook.js
146 silly gunzTarPerm extractEntry node_modules/history/lib/DOMUtils.js
147 silly gunzTarPerm extractEntry node_modules/history/lib/useBasename.js
148 silly gunzTarPerm extractEntry node_modules/history/lib/DOMStateStorage.js
149 silly gunzTarPerm extractEntry node_modules/history/lib/useBeforeUnload.js
150 silly gunzTarPerm extractEntry node_modules/history/lib/AsyncUtils.js
151 silly gunzTarPerm extractEntry node_modules/history/lib/useQueries.js
152 silly gunzTarPerm extractEntry node_modules/history/lib/createLocation.js
153 silly gunzTarPerm extractEntry node_modules/history/modules/Actions.js
154 silly gunzTarPerm extractEntry node_modules/history/modules/createBrowserHistory.js
155 silly gunzTarPerm extractEntry node_modules/history/modules/createDOMHistory.js
156 silly gunzTarPerm extractEntry node_modules/history/modules/createHashHistory.js
157 silly gunzTarPerm extractEntry node_modules/history/modules/createHistory.js
158 silly gunzTarPerm extractEntry node_modules/history/modules/PathUtils.js
159 silly gunzTarPerm extractEntry node_modules/history/modules/createMemoryHistory.js
160 silly gunzTarPerm extractEntry node_modules/history/modules/deprecate.js
161 silly gunzTarPerm extractEntry node_modules/history/modules/enableBeforeUnload.js
162 silly gunzTarPerm extractEntry node_modules/history/modules/enableQueries.js
163 silly gunzTarPerm extractEntry node_modules/history/modules/index.js
164 silly gunzTarPerm extractEntry node_modules/history/modules/ExecutionEnvironment.js
165 silly gunzTarPerm extractEntry node_modules/history/modules/runTransitionHook.js
166 silly gunzTarPerm extractEntry node_modules/history/modules/DOMUtils.js
167 silly gunzTarPerm extractEntry node_modules/history/modules/useBasename.js
168 silly gunzTarPerm extractEntry node_modules/history/modules/DOMStateStorage.js
169 silly gunzTarPerm extractEntry node_modules/history/modules/useBeforeUnload.js
170 silly gunzTarPerm extractEntry node_modules/history/modules/AsyncUtils.js
171 silly gunzTarPerm extractEntry node_modules/history/modules/useQueries.js
172 silly gunzTarPerm extractEntry node_modules/history/modules/createLocation.js
173 silly gunzTarPerm extractEntry node_modules/history/umd/history.js
174 silly gunzTarPerm extractEntry node_modules/history/umd/history.min.js
175 silly gunzTarPerm extractEntry node_modules/history/node_modules/query-string/package.json
176 silly gunzTarPerm extractEntry node_modules/history/node_modules/query-string/index.js
177 silly gunzTarPerm extractEntry node_modules/history/node_modules/query-string/license
178 silly gunzTarPerm extractEntry node_modules/history/node_modules/query-string/readme.md
179 verbose write writing to /Users/askar/Documents/dev/projects/react/reduxApp/node_modules/react-router-bootstrap/package.json
180 info preinstall react-router-bootstrap@0.23.1
181 verbose readDependencies loading dependencies from /Users/askar/Documents/dev/projects/react/reduxApp/node_modules/react-router-bootstrap/package.json
182 verbose readDependencies loading dependencies from /Users/askar/Documents/dev/projects/react/reduxApp/node_modules/react-router-bootstrap/package.json
183 silly install resolved []
184 verbose about to build /Users/askar/Documents/dev/projects/react/reduxApp/node_modules/react-router-bootstrap
185 info build /Users/askar/Documents/dev/projects/react/reduxApp/node_modules/react-router-bootstrap
186 verbose targetResolver reading package data from /Users/askar/Documents/dev/projects/react/reduxApp/node_modules/react-router-bootstrap/node_modules/history/package.json
187 info linkStuff react-router-bootstrap@0.23.1
188 silly linkStuff react-router-bootstrap@0.23.1 has /Users/askar/Documents/dev/projects/react/reduxApp/node_modules as its parent node_modules
189 verbose linkBins react-router-bootstrap@0.23.1
190 verbose linkMans react-router-bootstrap@0.23.1
191 verbose rebuildBundles react-router-bootstrap@0.23.1
192 verbose rebuildBundles [ 'history' ]
193 info install react-router-bootstrap@0.23.1
194 info postinstall react-router-bootstrap@0.23.1
195 verbose unlock done using /Users/askar/.npm/_locks/react-router-bootstrap-3d21f93b2cd2b0c8.lock for /Users/askar/Documents/dev/projects/react/reduxApp/node_modules/react-router-bootstrap
196 verbose validateInstall loading /Users/askar/Documents/dev/projects/react/reduxApp/package.json for validation
197 verbose stack Error: The package webpack@2.1.0-beta.22 does not satisfy its siblings' peerDependencies requirements!
197 verbose stack     at /usr/local/lib/node_modules/npm/lib/install.js:125:32
197 verbose stack     at /usr/local/lib/node_modules/npm/lib/install.js:268:7
197 verbose stack     at /usr/local/lib/node_modules/npm/node_modules/read-installed/read-installed.js:142:5
197 verbose stack     at /usr/local/lib/node_modules/npm/node_modules/read-installed/read-installed.js:263:14
197 verbose stack     at cb (/usr/local/lib/node_modules/npm/node_modules/slide/lib/async-map.js:47:24)
197 verbose stack     at /usr/local/lib/node_modules/npm/node_modules/read-installed/read-installed.js:263:14
197 verbose stack     at cb (/usr/local/lib/node_modules/npm/node_modules/slide/lib/async-map.js:47:24)
197 verbose stack     at /usr/local/lib/node_modules/npm/node_modules/read-installed/read-installed.js:263:14
197 verbose stack     at cb (/usr/local/lib/node_modules/npm/node_modules/slide/lib/async-map.js:47:24)
197 verbose stack     at /usr/local/lib/node_modules/npm/node_modules/read-installed/read-installed.js:263:14
198 verbose cwd /Users/askar/Documents/dev/projects/react/reduxApp
199 error Darwin 11.4.2
200 error argv "/usr/local/bin/node" "/usr/local/bin/npm" "install" "--save" "react-router-bootstrap"
201 error node v4.4.7
202 error npm  v2.15.8
203 error code EPEERINVALID
204 error peerinvalid The package webpack@2.1.0-beta.22 does not satisfy its siblings' peerDependencies requirements!
204 error peerinvalid Peer extract-text-webpack-plugin@2.1.0 wants webpack@^2.2.0
204 error peerinvalid Peer webpack-dev-middleware@1.10.1 wants webpack@1 || ^2.1.0-beta || ^2.2.0-rc.0
204 error peerinvalid Peer babel-loader@6.4.0 wants webpack@1 || 2 || ^2.1.0-beta || ^2.2.0-rc
205 verbose exit [ 1, true ]
